<?xml version="1.0" encoding="UTF-8"?>
<testng-results ignored="0" total="1" passed="1" failed="0" skipped="0">
  <reporter-output>
  </reporter-output>
  <suite started-at="2024-11-07T02:13:58 IST" name="Suite" finished-at="2024-11-07T02:14:06 IST" duration-ms="8385">
    <groups>
    </groups>
    <test started-at="2024-11-07T02:13:58 IST" name="Test" finished-at="2024-11-07T02:14:06 IST" duration-ms="8385">
      <class name="testCases.TC002_Login_Test">
        <test-method is-config="true" signature="setup(java.lang.String)[pri:0, instance:testCases.TC002_Login_Test@33308786]" started-at="2024-11-07T02:13:58 IST" name="setup" finished-at="2024-11-07T02:14:01 IST" duration-ms="3139" status="PASS">
          <params>
            <param index="0">
              <value>
                <![CDATA[Chrome]]>
              </value>
            </param>
          </params>
          <reporter-output>
          </reporter-output>
        </test-method> <!-- setup -->
        <test-method signature="loginTest()[pri:0, instance:testCases.TC002_Login_Test@33308786]" started-at="2024-11-07T02:14:01 IST" name="loginTest" finished-at="2024-11-07T02:14:02 IST" duration-ms="1021" status="PASS">
          <reporter-output>
          </reporter-output>
        </test-method> <!-- loginTest -->
        <test-method is-config="true" signature="tearDown()[pri:0, instance:testCases.TC002_Login_Test@33308786]" started-at="2024-11-07T02:14:02 IST" name="tearDown" finished-at="2024-11-07T02:14:06 IST" duration-ms="4196" status="PASS">
          <reporter-output>
          </reporter-output>
        </test-method> <!-- tearDown -->
      </class> <!-- testCases.TC002_Login_Test -->
    </test> <!-- Test -->
  </suite> <!-- Suite -->
</testng-results>
